   Compiling proc-macro2 v1.0.106
   Compiling libc v0.2.186
   Compiling unicode-ident v1.0.24
   Compiling quote v1.0.45
   Compiling syn v2.0.117
   Compiling serde_core v1.0.228
    Checking itoa v1.0.18
    Checking cfg-if v1.0.4
    Checking typenum v1.20.1
    Checking bytes v1.11.1
    Checking hybrid-array v0.4.12
   Compiling serde v1.0.228
   Compiling serde_derive v1.0.228
    Checking pin-project-lite v0.2.17
    Checking cmov v0.5.4
    Checking ctutils v0.4.2
    Checking crypto-common v0.2.2
    Checking block-buffer v0.12.1
   Compiling zmij v1.0.21
    Checking const-oid v0.10.2
    Checking rand_core v0.10.1
   Compiling getrandom v0.4.2
    Checking digest v0.11.3
   Compiling serde_json v1.0.150
    Checking cpufeatures v0.3.0
    Checking memchr v2.8.2
   Compiling autocfg v1.5.1
    Checking futures-core v0.3.32
   Compiling num-traits v0.2.19
    Checking errno v0.3.14
    Checking signal-hook-registry v1.4.8
   Compiling tokio-macros v2.7.0
    Checking mio v1.2.1
    Checking socket2 v0.6.4
    Checking futures-sink v0.3.32
    Checking tokio v1.52.3
    Checking sha2 v0.11.0
    Checking iana-time-zone v0.1.65
   Compiling thiserror v2.0.18
    Checking chrono v0.4.45
   Compiling thiserror-impl v2.0.18
    Checking tinyvec_macros v0.1.1
    Checking smallvec v1.15.2
    Checking tinyvec v1.11.0
    Checking log v0.4.32
    Checking unicode-normalization v0.1.25
    Checking futures-channel v0.3.32
    Checking uuid v1.23.3
    Checking chacha20 v0.10.0
    Checking http v1.4.2
    Checking unicode-bidi v0.3.18
    Checking slab v0.4.12
    Checking futures-task v0.3.32
    Checking percent-encoding v2.3.2
    Checking unicode-properties v0.1.4
   Compiling parking_lot_core v0.9.12
    Checking stringprep v0.1.5
    Checking futures-util v0.3.32
    Checking http-body v1.0.1
    Checking rand v0.10.1
    Checking pmx-core v0.28.0 (/workspaces/universal/rust/polymarket_dual_project/polymarket-execution-engine/crates/pmx-core)
    Checking hmac v0.13.0
    Checking md-5 v0.11.0
    Checking fallible-iterator v0.2.0
    Checking scopeguard v1.2.0
    Checking byteorder v1.5.0
    Checking once_cell v1.21.4
   Compiling httparse v1.10.1
    Checking base64 v0.22.1
    Checking siphasher v1.0.3
    Checking phf_shared v0.13.1
    Checking postgres-protocol v0.6.12
    Checking tracing-core v0.1.36
    Checking lock_api v0.4.14
   Compiling async-trait v0.1.89
    Checking tower-service v0.3.3
    Checking parking_lot v0.12.5
    Checking tracing v0.1.44
    Checking postgres-types v0.2.14
    Checking phf v0.13.1
    Checking tokio-util v0.7.18
    Checking whoami v2.1.2
    Checking tower-layer v0.3.3
    Checking httpdate v1.0.3
    Checking sync_wrapper v1.0.2
    Checking atomic-waker v1.1.2
    Checking hyper v1.10.1
    Checking tokio-postgres v0.7.18
    Checking http-body-util v0.1.3
    Checking form_urlencoded v1.2.2
    Checking ryu v1.0.23
    Checking mime v0.3.17
    Checking axum-core v0.5.6
    Checking serde_urlencoded v0.7.1
    Checking pmx-store v0.28.0 (/workspaces/universal/rust/polymarket_dual_project/polymarket-execution-engine/crates/pmx-store)
    Checking hyper-util v0.1.20
    Checking tower v0.5.3
    Checking pmx-gateway v0.28.0 (/workspaces/universal/rust/polymarket_dual_project/polymarket-execution-engine/crates/pmx-gateway)
    Checking pmx-runtime v0.28.0 (/workspaces/universal/rust/polymarket_dual_project/polymarket-execution-engine/crates/pmx-runtime)
    Checking pmx-policy v0.28.0 (/workspaces/universal/rust/polymarket_dual_project/polymarket-execution-engine/crates/pmx-policy)
    Checking serde_path_to_error v0.1.20
    Checking matchit v0.8.4
    Checking axum v0.8.9
    Checking pmx-service v0.28.0 (/workspaces/universal/rust/polymarket_dual_project/polymarket-execution-engine/crates/pmx-service)
    Checking pmx-authz v0.28.0 (/workspaces/universal/rust/polymarket_dual_project/polymarket-execution-engine/crates/pmx-authz)
    Checking pmx-api v0.28.0 (/workspaces/universal/rust/polymarket_dual_project/polymarket-execution-engine/crates/pmx-api)
    Checking pmx-release v0.28.0 (/workspaces/universal/rust/polymarket_dual_project/polymarket-execution-engine/crates/pmx-release)
    Finished `dev` profile [unoptimized + debuginfo] target(s) in 53.75s
