   Compiling serde_core v1.0.228
   Compiling digest v0.11.3
   Compiling serde v1.0.228
   Compiling serde_json v1.0.150
   Compiling sha2 v0.11.0
   Compiling chrono v0.4.45
   Compiling smallvec v1.15.2
   Compiling uuid v1.23.3
   Compiling http v1.4.2
   Compiling slab v0.4.12
   Compiling futures-task v0.3.32
   Compiling futures-util v0.3.32
   Compiling http-body v1.0.1
   Compiling pmx-core v0.28.0 (/workspaces/universal/rust/polymarket_dual_project/polymarket-execution-engine/crates/pmx-core)
   Compiling md-5 v0.11.0
   Compiling hmac v0.13.0
   Compiling once_cell v1.21.4
   Compiling postgres-protocol v0.6.12
   Compiling tracing-core v0.1.36
   Compiling parking_lot_core v0.9.12
   Compiling tower-service v0.3.3
   Compiling parking_lot v0.12.5
   Compiling tracing v0.1.44
   Compiling postgres-types v0.2.14
   Compiling httparse v1.10.1
   Compiling tower-layer v0.3.3
   Compiling httpdate v1.0.3
   Compiling sync_wrapper v1.0.2
   Compiling atomic-waker v1.1.2
   Compiling hyper v1.10.1
   Compiling tokio-postgres v0.7.18
   Compiling http-body-util v0.1.3
   Compiling form_urlencoded v1.2.2
   Compiling ryu v1.0.23
   Compiling mime v0.3.17
   Compiling axum-core v0.5.6
   Compiling serde_urlencoded v0.7.1
   Compiling pmx-store v0.28.0 (/workspaces/universal/rust/polymarket_dual_project/polymarket-execution-engine/crates/pmx-store)
   Compiling hyper-util v0.1.20
   Compiling tower v0.5.3
   Compiling pmx-gateway v0.28.0 (/workspaces/universal/rust/polymarket_dual_project/polymarket-execution-engine/crates/pmx-gateway)
   Compiling pmx-policy v0.28.0 (/workspaces/universal/rust/polymarket_dual_project/polymarket-execution-engine/crates/pmx-policy)
   Compiling pmx-runtime v0.28.0 (/workspaces/universal/rust/polymarket_dual_project/polymarket-execution-engine/crates/pmx-runtime)
   Compiling serde_path_to_error v0.1.20
   Compiling matchit v0.8.4
   Compiling axum v0.8.9
   Compiling pmx-service v0.28.0 (/workspaces/universal/rust/polymarket_dual_project/polymarket-execution-engine/crates/pmx-service)
   Compiling pmx-authz v0.28.0 (/workspaces/universal/rust/polymarket_dual_project/polymarket-execution-engine/crates/pmx-authz)
   Compiling pmx-api v0.28.0 (/workspaces/universal/rust/polymarket_dual_project/polymarket-execution-engine/crates/pmx-api)
    Finished `test` profile [unoptimized + debuginfo] target(s) in 40.70s
     Running tests/http_and_fake_e2e.rs (target/debug/deps/http_and_fake_e2e-0c1b24865a8c9369)

running 4 tests
test negative::equal_service_and_admin_tokens_fail_closed_at_app_construction ... ok
test negative::mismatched_object_graph_is_rejected ... ok
test scaffold::full_scaffold_path_compile_submit_cancel_and_reconcile ... ok
test smoke::http_auth_and_fake_e2e_smoke ... ok

test result: ok. 4 passed; 0 failed; 0 ignored; 0 measured; 0 filtered out; finished in 0.01s

