   Compiling generic-array v0.14.7
   Compiling serde_core v1.0.228
   Compiling block-buffer v0.10.4
   Compiling crypto-common v0.1.7
   Compiling serde v1.0.228
   Compiling digest v0.10.7
   Compiling serde_json v1.0.149
   Compiling chrono v0.4.44
   Compiling sha2 v0.10.9
   Compiling uuid v1.23.1
   Compiling pmx-core v0.28.0 (/workspaces/universal/rust/polymarket_dual_project/polymarket-execution-engine/crates/pmx-core)
   Compiling pmx-gateway v0.28.0 (/workspaces/universal/rust/polymarket_dual_project/polymarket-execution-engine/crates/pmx-gateway)
   Compiling pmx-official-sdk-spike v0.0.0 (/workspaces/universal/rust/polymarket_dual_project/polymarket-execution-engine/adapters/pmx-official-sdk-spike)
    Finished `test` profile [unoptimized + debuginfo] target(s) in 11.19s
     Running unittests src/lib.rs (adapters/pmx-official-sdk-spike/target/debug/deps/pmx_official_sdk_spike-1a2a348e37ef5ea6)

running 1 test
test tests::live_submit_is_disabled_by_default ... ok

test result: ok. 1 passed; 0 failed; 0 ignored; 0 measured; 0 filtered out; finished in 0.00s

   Doc-tests pmx_official_sdk_spike

running 0 tests

test result: ok. 0 passed; 0 failed; 0 ignored; 0 measured; 0 filtered out; finished in 0.00s

