   Compiling icu_locale_core v2.2.0
   Compiling icu_provider v2.2.0
   Compiling icu_properties v2.2.0
   Compiling icu_normalizer v2.2.0
   Compiling idna_adapter v1.2.2
   Compiling idna v1.1.0
   Compiling url v2.5.8
   Compiling tungstenite v0.29.0
   Compiling tower-http v0.6.10
   Compiling reqwest v0.13.3
   Compiling tokio-tungstenite v0.29.0
   Compiling polymarket_client_sdk_v2 v0.6.0-canary.1
   Compiling pmx-official-sdk-spike v0.0.0 (/workspaces/universal/rust/polymarket-execution-engine/adapters/pmx-official-sdk-spike)
    Finished `test` profile [unoptimized + debuginfo] target(s) in 24.41s
     Running unittests src/lib.rs (adapters/pmx-official-sdk-spike/target/debug/deps/pmx_official_sdk_spike-b0673a1fb14d19dc)

running 2 tests
test tests::live_submit_is_disabled_by_default ... ok
test tests::read_only_ok_smoke ... ok

test result: ok. 2 passed; 0 failed; 0 ignored; 0 measured; 0 filtered out; finished in 1.89s

   Doc-tests pmx_official_sdk_spike

running 0 tests

test result: ok. 0 passed; 0 failed; 0 ignored; 0 measured; 0 filtered out; finished in 0.00s

