    Checking typenum v1.20.0
    Checking cfg-if v1.0.4
    Checking cpufeatures v0.2.17
    Checking iana-time-zone v0.1.65
    Checking itoa v1.0.18
    Checking memchr v2.8.0
    Checking serde_core v1.0.228
    Checking libc v0.2.186
   Compiling thiserror-impl v1.0.69
    Checking zmij v1.0.21
   Compiling thiserror-impl v2.0.18
   Compiling async-trait v0.1.89
    Checking num-traits v0.2.19
    Checking generic-array v0.14.7
    Checking getrandom v0.4.2
    Checking block-buffer v0.10.4
    Checking crypto-common v0.1.7
    Checking digest v0.10.7
    Checking sha2 v0.10.9
    Checking thiserror v1.0.69
    Checking thiserror v2.0.18
    Checking serde v1.0.228
    Checking uuid v1.23.1
    Checking serde_json v1.0.149
    Checking chrono v0.4.44
    Checking pmx-core v0.25.0 (/workspaces/universal/rust/polymarket_dual_project/polymarket-execution-engine/crates/pmx-core)
    Checking pmx-gateway v0.25.0 (/workspaces/universal/rust/polymarket_dual_project/polymarket-execution-engine/crates/pmx-gateway)
    Checking pmx-official-sdk-adapter v0.25.0 (/workspaces/universal/rust/polymarket_dual_project/polymarket-execution-engine/adapters/pmx-official-sdk-adapter)
    Finished `dev` profile [unoptimized + debuginfo] target(s) in 8.03s
