    Checking zeroize v1.8.2
    Checking typenum v1.20.0
    Checking subtle v2.6.1
    Checking const-oid v0.9.6
    Checking foldhash v0.2.0
    Checking pin-project-lite v0.2.17
    Checking base16ct v0.2.0
    Checking arrayvec v0.7.6
    Checking serde_core v1.0.228
    Checking libc v0.2.186
    Checking once_cell v1.21.4
    Checking memchr v2.8.0
    Checking keccak v0.2.0
    Checking derive_more v2.1.1
    Checking rustc-hash v2.1.2
    Checking thiserror v2.0.18
    Checking futures-core v0.3.32
    Checking zerofrom v0.1.8
    Checking stable_deref_trait v1.2.1
    Checking der v0.7.10
   Compiling cfg-if v1.0.4
    Checking num-traits v0.2.19
    Checking futures-sink v0.3.32
   Compiling cpufeatures v0.2.17
   Compiling serde v1.0.228
    Checking tracing-core v0.1.36
    Checking yoke v0.8.2
   Compiling equivalent v1.0.2
   Compiling const-hex v1.19.0
   Compiling fnv v1.0.7
    Checking crc-catalog v2.5.0
    Checking slab v0.4.12
    Checking zerovec v0.11.6
   Compiling indexmap v2.14.0
    Checking generic-array v0.14.7
    Checking hybrid-array v0.4.12
    Checking crc v3.4.0
    Checking zerocopy v0.8.48
    Checking futures-channel v0.3.32
    Checking tracing v0.1.44
   Compiling alloy-sol-macro-input v1.6.0
    Checking getrandom v0.2.17
    Checking socket2 v0.6.3
    Checking spki v0.7.3
   Compiling jobserver v0.1.34
    Checking mio v1.2.0
   Compiling darling_core v0.21.3
    Checking crypto-common v0.1.7
    Checking block-buffer v0.10.4
    Checking rand_core v0.6.4
    Checking hashbrown v0.17.1
    Checking sec1 v0.7.3
    Checking block-buffer v0.12.0
    Checking crypto-common v0.2.1
    Checking digest v0.10.7
    Checking ff v0.13.1
    Checking crypto-bigint v0.5.5
   Compiling cc v1.2.62
    Checking serde_json v1.0.149
    Checking tinystr v0.8.3
    Checking rustls-pki-types v1.14.1
    Checking bytes v1.11.1
    Checking hmac v0.12.1
    Checking sha2 v0.10.9
    Checking signature v2.2.0
    Checking smallvec v1.15.1
    Checking group v0.13.0
    Checking rfc6979 v0.4.0
    Checking chrono v0.4.44
    Checking either v1.15.0
    Checking futures-task v0.3.32
    Checking futures-io v0.3.32
    Checking litemap v0.8.2
    Checking writeable v0.6.3
    Checking potential_utf v0.1.5
    Checking digest v0.11.3
    Checking zerotrie v0.2.4
    Checking utf8_iter v1.0.4
    Checking untrusted v0.9.0
    Checking futures-util v0.3.32
    Checking alloy-rlp v0.3.15
    Checking sha3 v0.11.0
    Checking http v1.4.0
    Checking tokio v1.52.3
    Checking icu_locale_core v2.2.0
    Checking percent-encoding v2.3.2
    Checking icu_collections v2.2.0
    Checking httparse v1.10.1
    Checking ruint v1.17.2
    Checking icu_normalizer_data v2.2.0
    Checking icu_properties_data v2.2.0
    Checking rand_core v0.10.1
   Compiling cmake v0.1.58
    Checking getrandom v0.3.4
    Checking form_urlencoded v1.2.2
    Checking itertools v0.14.0
    Checking try-lock v0.2.5
    Checking http-body v1.0.1
    Checking icu_provider v2.2.0
    Checking nybbles v0.4.8
    Checking serde_with v3.20.0
    Checking tower-service v0.3.3
    Checking winnow v1.0.3
    Checking atomic-waker v1.1.2
    Checking elliptic-curve v0.13.8
    Checking want v0.3.1
    Checking rand_core v0.9.5
    Checking getrandom v0.4.2
    Checking openssl-probe v0.2.1
   Compiling siphasher v1.0.3
    Checking log v0.4.29
    Checking rustls-native-certs v0.8.3
    Checking sync_wrapper v1.0.2
    Checking icu_properties v2.2.0
    Checking icu_normalizer v2.2.0
    Checking ecdsa v0.16.9
   Compiling aws-lc-sys v0.41.0
   Compiling alloy-sol-macro-expander v1.6.0
    Checking tower-layer v0.3.3
    Checking ryu v1.0.23
   Compiling phf_shared v0.13.1
    Checking base64 v0.22.1
    Checking k256 v0.13.4
    Checking futures-utils-wasm v0.1.0
    Checking ipnet v2.12.0
    Checking uuid v1.23.1
    Checking sha1 v0.10.6
    Checking cpufeatures v0.3.0
    Checking alloy-sol-type-parser v1.6.0
   Compiling phf_generator v0.13.1
   Compiling darling_macro v0.21.3
    Checking scopeguard v1.2.0
    Checking bitflags v2.11.1
    Checking data-encoding v2.11.0
    Checking alloy-primitives v1.6.0
    Checking lock_api v0.4.14
    Checking chacha20 v0.10.0
    Checking thiserror v1.0.69
    Checking crossbeam-utils v0.8.21
   Compiling phf_macros v0.13.1
    Checking parking_lot_core v0.9.12
    Checking serde_urlencoded v0.7.1
    Checking http-body-util v0.1.3
    Checking instant v0.1.13
    Checking futures-executor v0.3.32
    Checking encoding_rs v0.8.35
    Checking hashbrown v0.14.5
    Checking mime v0.3.17
    Checking idna_adapter v1.2.2
    Checking futures v0.3.32
    Checking async-stream v0.3.6
    Checking rand v0.10.1
    Checking pmx-core v0.25.0 (/workspaces/universal/rust/polymarket_dual_project/polymarket-execution-engine/crates/pmx-core)
    Checking bon v3.9.1
    Checking rust_decimal v1.42.0
    Checking idna v1.1.0
    Checking serde_html_form v0.4.0
    Checking ppv-lite86 v0.2.21
    Checking dashmap v6.1.0
   Compiling darling v0.21.3
    Checking secrecy v0.10.3
    Checking serde_ignored v0.1.14
    Checking serde_path_to_error v0.1.20
    Checking alloy-eip7928 v0.3.4
    Checking alloy-eip7702 v0.6.3
    Checking alloy-eip2930 v0.2.3
    Checking alloy-eip2124 v0.2.0
    Checking alloy-serde v1.6.3
   Compiling alloy-tx-macros v1.6.3
    Checking alloy-trie v0.9.5
    Checking tokio-util v0.7.18
    Checking rand_chacha v0.3.1
    Checking rand_chacha v0.9.0
    Checking alloy-json-abi v1.6.0
    Checking alloy-signer v1.6.3
    Checking tower v0.5.3
    Checking url v2.5.8
    Checking alloy-eips v1.6.3
    Checking rand v0.8.6
    Checking rand v0.9.4
    Checking anyhow v1.0.102
    Checking pmx-gateway v0.25.0 (/workspaces/universal/rust/polymarket_dual_project/polymarket-execution-engine/crates/pmx-gateway)
    Checking phf v0.13.1
    Checking h2 v0.4.14
    Checking tower-http v0.6.10
   Compiling alloy-sol-macro v1.6.0
    Checking backoff v0.4.0
    Checking alloy-consensus v1.6.3
    Checking alloy-sol-types v1.6.0
    Checking hyper v1.9.0
    Checking alloy-network-primitives v1.6.3
    Checking alloy-consensus-any v1.6.3
    Checking alloy-json-rpc v1.6.3
    Checking alloy-dyn-abi v1.6.0
    Checking hyper-util v0.1.20
    Checking alloy-rpc-types-eth v1.6.3
    Checking alloy-core v1.6.0
    Checking alloy-rpc-types-any v1.6.3
    Checking alloy-network v1.6.3
    Checking alloy-signer-local v1.6.3
    Checking alloy v1.6.3
   Compiling aws-lc-rs v1.17.0
   Compiling rustls v0.23.40
    Checking rustls-webpki v0.103.13
    Checking tokio-rustls v0.26.4
    Checking tungstenite v0.29.0
    Checking rustls-platform-verifier v0.7.0
    Checking hyper-rustls v0.27.9
    Checking reqwest v0.13.3
    Checking tokio-tungstenite v0.29.0
    Checking polymarket_client_sdk_v2 v0.6.0-canary.1
    Checking pmx-official-sdk-adapter v0.25.0 (/workspaces/universal/rust/polymarket_dual_project/polymarket-execution-engine/adapters/pmx-official-sdk-adapter)
    Finished `dev` profile [unoptimized + debuginfo] target(s) in 47.49s
