   Compiling alloy-rlp-derive v0.3.15
   Compiling synstructure v0.13.2
   Compiling macro-string v0.2.0
   Compiling proc-macro-error2 v2.0.1
   Compiling ppv-lite86 v0.2.21
   Compiling prettyplease v0.2.37
   Compiling rand v0.10.1
   Compiling anyhow v1.0.102
   Compiling alloy-sol-macro-input v1.6.0
   Compiling rand_chacha v0.3.1
   Compiling rand_chacha v0.9.0
   Compiling alloy-sol-macro-expander v1.6.0
   Compiling zerofrom-derive v0.1.7
   Compiling yoke-derive v0.8.2
   Compiling rand v0.9.4
   Compiling rand v0.8.6
   Compiling alloy-rlp v0.3.15
   Compiling bon-macros v3.9.2
   Compiling ruint v1.18.0
   Compiling tungstenite v0.29.0
   Compiling backoff v0.4.0
   Compiling zerofrom v0.1.8
   Compiling alloy-primitives v1.6.0
   Compiling nybbles v0.4.8
   Compiling yoke v0.8.3
   Compiling zerovec v0.11.6
   Compiling zerotrie v0.2.4
   Compiling tokio-tungstenite v0.29.0
   Compiling tinystr v0.8.3
   Compiling potential_utf v0.1.5
   Compiling icu_collections v2.2.0
   Compiling icu_locale_core v2.2.0
   Compiling alloy-sol-macro v1.6.0
   Compiling alloy-eip2124 v0.2.0
   Compiling alloy-eip7702 v0.6.3
   Compiling alloy-eip2930 v0.2.3
   Compiling alloy-eip7928 v0.3.7
   Compiling alloy-serde v1.8.3
   Compiling alloy-trie v0.9.5
   Compiling alloy-signer v1.8.3
   Compiling alloy-json-abi v1.6.0
   Compiling alloy-sol-types v1.6.0
   Compiling alloy-eips v1.8.3
   Compiling icu_provider v2.2.0
   Compiling icu_properties v2.2.0
   Compiling icu_normalizer v2.2.0
   Compiling bon v3.9.2
   Compiling alloy-consensus v1.8.3
   Compiling idna_adapter v1.2.2
   Compiling idna v1.1.0
   Compiling alloy-json-rpc v1.8.3
   Compiling alloy-dyn-abi v1.6.0
   Compiling url v2.5.8
   Compiling alloy-core v1.6.0
   Compiling tower-http v0.6.11
   Compiling reqwest v0.13.4
   Compiling alloy-consensus-any v1.8.3
   Compiling alloy-network-primitives v1.8.3
   Compiling alloy-rpc-types-eth v1.8.3
   Compiling alloy-rpc-types-any v1.8.3
   Compiling alloy-network v1.8.3
   Compiling alloy-signer-local v1.8.3
   Compiling alloy v1.8.3
   Compiling polymarket_client_sdk_v2 v0.6.0-canary.1
   Compiling pmx-official-sdk-adapter v0.28.0 (/workspaces/universal/rust/polymarket_dual_project/polymarket-execution-engine/adapters/pmx-official-sdk-adapter)
warning: constant `ENV_ACTIVE_ACCOUNT_PROFILE` is never used
  --> src/sdk_runtime/shared.rs:19:7
   |
19 | const ENV_ACTIVE_ACCOUNT_PROFILE: &str = "PMX_ACTIVE_ACCOUNT_PROFILE";
   |       ^^^^^^^^^^^^^^^^^^^^^^^^^^
   |
   = note: `#[warn(dead_code)]` (part of `#[warn(unused)]`) on by default

warning: constant `ENV_ACTIVE_ACCOUNT_ID` is never used
  --> src/sdk_runtime/shared.rs:20:7
   |
20 | const ENV_ACTIVE_ACCOUNT_ID: &str = "PMX_ACTIVE_ACCOUNT_ID";
   |       ^^^^^^^^^^^^^^^^^^^^^

warning: constant `ENV_ACTIVE_PROFILE_REF` is never used
  --> src/sdk_runtime/shared.rs:21:7
   |
21 | const ENV_ACTIVE_PROFILE_REF: &str = "PMX_ACTIVE_PROFILE_REF";
   |       ^^^^^^^^^^^^^^^^^^^^^^

warning: function `validate_active_profile_env_for_canary` is never used
   --> src/sdk_runtime/shared.rs:117:8
    |
117 | pub fn validate_active_profile_env_for_canary(expected_account_id: &str) -> anyhow::Result<()> {
    |        ^^^^^^^^^^^^^^^^^^^^^^^^^^^^^^^^^^^^^^

warning: `pmx-official-sdk-adapter` (lib test) generated 4 warnings
    Finished `test` profile [unoptimized + debuginfo] target(s) in 21.85s
     Running unittests src/lib.rs (adapters/pmx-official-sdk-adapter/target/debug/deps/pmx_official_sdk_adapter-eb86c6a3a290141f)

running 1 test
test tests::feature_gated::sign_only_dry_run_executes_when_enabled ... ok

test result: ok. 1 passed; 0 failed; 0 ignored; 0 measured; 69 filtered out; finished in 3.95s

