{
  "checksums": {
    "0001_initial": "543b02a2c91e150ce96332b33f5ff19310044583cfdf23ec24b48a3f2905cc0f",
    "0002_migration_framework": "19f1cb732190ff3ce8292128b3a6959ec2748818265cd90073f7d79e538e6fbf",
    "0003_order_event_trace": "c051dc6820acf727b85b77a411aa9f2c11426e6cc65abbc29206f83e0d95e51b",
    "0004_real_funds_canary": "78c2c7d21bb9ee4421f93946bc5c9166b459b90489e1e506e1293e363ca8e2a7",
    "0005_constraint_decision_snapshot_nullable": "7607891e3a9d396b13887db66296e460fa64f7661cdf207d9b9e650d037b0c37",
    "0006_runtime_kill_switch_scope": "4240e6b3bdaa7a9ea584296336d81096553713e349642b03b174fcb645ba079c",
    "0007_runtime_global_kill_switch": "3427ab60573c81528302aa815538f641500a82150fcb4010bca77b5e82a249f6",
    "0008_idempotency_owner_lease": "1f22cb25ef9e8199038a4abb1ed79bb05d874e7ab76d034562fb20729c3bcafd",
    "0009_runtime_scope_columns": "d5c708b4f267b7f5aba93d7410837b971a92fc7377433bf32a3565d3d887ae5d",
    "0010_real_funds_canary_gtc_post_only": "234c104fe740c2ef5d1017e5ab2db5a1cd51bc8ef8a822d6c76f7862ab245ebb",
    "0011_portfolio_projections": "e640e8e3128a1f3612149833896ffe15f33eec0254738d7a3060c91a68f87f5f"
  },
  "migration_order": [
    "0001_initial",
    "0002_migration_framework",
    "0003_order_event_trace",
    "0004_real_funds_canary",
    "0005_constraint_decision_snapshot_nullable",
    "0006_runtime_kill_switch_scope",
    "0007_runtime_global_kill_switch",
    "0008_idempotency_owner_lease",
    "0009_runtime_scope_columns",
    "0010_real_funds_canary_gtc_post_only",
    "0011_portfolio_projections"
  ],
  "postgres_dry_run": {
    "reason": "PMX_TEST_DATABASE_URL not set",
    "status": "skipped"
  },
  "status": "pass"
}
