{
  "buy_size_rehearsal": {
    "notional_rule": "limit_price * size",
    "raw_signed_order_exposed": false,
    "remote_side_effects": false,
    "side": "BUY",
    "size": "5"
  },
  "cancelled": false,
  "failures": [],
  "posted": false,
  "rehearsal_status": "blocked_dry_run",
  "remote_side_effects": false,
  "stages": [
    "whitelist_check",
    "caps_check",
    "operator_approval_check",
    "reservation_check",
    "idempotency_check",
    "reconcile_check",
    "remote_unknown_freeze_check",
    "post_submit_reconcile_check",
    "cancel_unknown_escalation_check",
    "cancel_only_fallback_check"
  ],
  "status": "pass"
}
