{
  "artifact_contains_env_file": false,
  "artifact_contains_no_env_file": true,
  "break_glass_review_required": true,
  "env_file_absent_from_artifact": true,
  "failures": [],
  "no_clob_secret_logged": true,
  "no_plaintext_private_keys_logged": true,
  "package_excludes_env_file": true,
  "production_ready_claimed": false,
  "remote_side_effects": false,
  "rotation_drill_required": true,
  "secret_values_logged": false,
  "sensitive_env_detected_as_boolean_only": true,
  "sensitive_env_names_present": [
    "PMX_ACCT_A_CLOB_API_KEY",
    "PMX_ACCT_A_CLOB_FUNDER",
    "PMX_ACCT_A_CLOB_PASS_PHRASE",
    "PMX_ACCT_A_CLOB_SECRET",
    "PMX_ACCT_A_POLYMARKET_PRIVATE_KEY",
    "PMX_ACCT_B_CLOB_API_KEY",
    "PMX_ACCT_B_CLOB_FUNDER",
    "PMX_ACCT_B_CLOB_PASS_PHRASE",
    "PMX_ACCT_B_CLOB_SECRET",
    "PMX_ACCT_B_POLYMARKET_PRIVATE_KEY",
    "PMX_DATABASE_URL",
    "POLYMARKET_PRIVATE_KEY",
    "POLY_API_KEY",
    "POLY_API_PASSPHRASE",
    "POLY_API_SECRET"
  ],
  "sensitive_env_values_absent_from_logs": true,
  "sensitive_env_values_absent_from_manifest": true,
  "status": "pass"
}
