{
  "break_glass_review_required": true,
  "config_loaded": false,
  "config_path": null,
  "credential_rotation_required": true,
  "external_secret_custody_ready": false,
  "failures": [],
  "live_cancel_allowed": false,
  "live_submit_allowed": false,
  "plaintext_secret_values_absent": true,
  "production_ready_claimed": false,
  "provider_health_check_required": true,
  "remote_side_effects": false,
  "sensitive_env_detected_as_boolean_only": {
    "CLOB_SECRET": false,
    "PMX_ACCT_A_CLOB_API_KEY": true,
    "PMX_ACCT_A_CLOB_API_KEY_NONCE": true,
    "PMX_ACCT_A_CLOB_FUNDER": true,
    "PMX_ACCT_A_CLOB_PASS_PHRASE": true,
    "PMX_ACCT_A_CLOB_SECRET": true,
    "PMX_ACCT_A_POLYMARKET_PRIVATE_KEY": true,
    "PMX_ACCT_B_CLOB_API_KEY": true,
    "PMX_ACCT_B_CLOB_API_KEY_NONCE": true,
    "PMX_ACCT_B_CLOB_FUNDER": true,
    "PMX_ACCT_B_CLOB_PASS_PHRASE": true,
    "PMX_ACCT_B_CLOB_SECRET": true,
    "PMX_ACCT_B_POLYMARKET_PRIVATE_KEY": true,
    "POLYMARKET_CLOB_API_SECRET": false,
    "POLYMARKET_PRIVATE_KEY": true,
    "POLY_API_KEY": true,
    "POLY_API_PASSPHRASE": true,
    "POLY_API_SECRET": true
  },
  "signals": {
    "break_glass_review_reference_present": false,
    "kms_key_reference_present": false,
    "rotation_evidence_reference_present": false,
    "secret_provider_reference_present": false
  },
  "status": "pass"
}
