{
  "alert_signals": {
    "audit_export_failure_alert": true,
    "reconcile_backlog_alert": true,
    "remote_unknown_alert": true,
    "runtime_worker_health_alert": true,
    "sdk_error_rate_alert": true
  },
  "alerting_ready": false,
  "config_loaded": false,
  "config_path": null,
  "failures": [],
  "live_cancel_allowed": false,
  "live_submit_allowed": false,
  "pager_ack_required": true,
  "production_ready_claimed": false,
  "references": {
    "alert_provider_reference_present": false,
    "alert_route_reference_present": false,
    "alert_test_evidence_present": false,
    "dashboard_reference_present": false,
    "pager_escalation_policy_present": false
  },
  "remote_side_effects": false,
  "status": "pass"
}
