{
  "baseline_config_hash": "0e8ea2cda503f5488317b47d1f5ef2b5d3566786d8d0302908d23eada4548bdb",
  "baseline_config_hash_present": true,
  "baseline_config_path": "config/production-preflight.baseline.fixture.json",
  "candidate_config_hash": "2f32a9907b154d432200cf15918884a1078c00401ed72f2ec2b86e911bd81030",
  "candidate_config_hash_present": true,
  "candidate_config_path": "config/production-preflight.candidate.fixture.json",
  "changed_field_paths": [
    "alert_routing.alert_test_evidence_ref",
    "alert_routing.dashboard_ref",
    "alert_routing.pager_escalation_policy_ref",
    "alert_routing.provider_ref",
    "alert_routing.route_ref",
    "operator_approval.approval_hash",
    "operator_approval.approval_id",
    "operator_approval.approver_identity_ref",
    "operator_approval.expires_at",
    "operator_approval.scope",
    "operator_approval.ticket_ref",
    "secret_provider.break_glass_review_ref",
    "secret_provider.kms_key_ref",
    "secret_provider.provider_ref",
    "secret_provider.rotation_evidence_ref"
  ],
  "changed_field_paths_present": true,
  "config_diff_review_passed": true,
  "config_diff_review_rejected_sensitive_candidate": true,
  "config_diff_review_reports_path_only": true,
  "config_diff_review_secret_value_logged": false,
  "config_diff_summary_uses_hashes": true,
  "failures": [],
  "live_cancel_allowed": false,
  "live_submit_allowed": false,
  "production_ready_claimed": false,
  "remote_side_effects": false,
  "status": "pass"
}
